<?xml version="1.0" encoding="UTF-8"?>
<!-- Generated by org.testng.reporters.JUnitReportReporter -->
<testsuite hostname="DESKTOP-HAO1CP3" failures="0" tests="1" name="testCases.TC_002_LoginTest" time="0.839" errors="0" timestamp="2024-10-06T12:15:43 IST" skipped="0">
  <testcase classname="testCases.TC_002_LoginTest" name="verify_login" time="0.839"/>
</testsuite> <!-- testCases.TC_002_LoginTest -->
