<?xml version="1.0" encoding="UTF-8"?>
<!-- Generated by org.testng.reporters.JUnitReportReporter -->
<testsuite hostname="DESKTOP-HAO1CP3" failures="0" tests="1" name="testCases.TC001_AccountRegistrationTest" time="1.220" errors="0" timestamp="2024-10-06T12:16:58 IST" skipped="0">
  <testcase classname="testCases.TC001_AccountRegistrationTest" name="verify_account_registration" time="1.220"/>
</testsuite> <!-- testCases.TC001_AccountRegistrationTest -->
